<?xml version="1.0" encoding="UTF-8"?>
<!-- Generated by org.testng.reporters.JUnitReportReporter -->
<testsuite hostname="DESKTOP-NO6VRSL" failures="0" tests="1" name="semiFinalSecondTest.semiFinalSecondTest.AppTest" time="3.194" errors="0" timestamp="2025-05-02T05:19:39 PDT" skipped="0">
  <testcase classname="semiFinalSecondTest.semiFinalSecondTest.AppTest" name="iFrameTest" time="3.194"/>
</testsuite> <!-- semiFinalSecondTest.semiFinalSecondTest.AppTest -->
