<?xml version="1.0" encoding="UTF-8"?>
<!-- Generated by org.testng.reporters.JUnitReportReporter -->
<testsuite hostname="DESKTOP-NO6VRSL" failures="0" tests="1" name="semiFinalSecondTest.semiFinalSecondTest.AppTest" time="0.433" errors="0" timestamp="2025-04-30T21:35:06 PDT" skipped="0">
  <testcase classname="semiFinalSecondTest.semiFinalSecondTest.AppTest" name="bookingCalendar" time="0.433"/>
</testsuite> <!-- semiFinalSecondTest.semiFinalSecondTest.AppTest -->
