<?xml version="1.0" encoding="UTF-8"?>
<!-- Generated by org.testng.reporters.JUnitReportReporter -->
<testsuite hostname="DESKTOP-NO6VRSL" failures="0" tests="14" name="semiFinalSecondTest.semiFinalSecondTest.AppTest" time="15.766" errors="0" timestamp="2025-05-07T00:41:45 PDT" skipped="0">
  <testcase classname="semiFinalSecondTest.semiFinalSecondTest.AppTest" name="radioButton" time="0.202"/>
  <testcase classname="semiFinalSecondTest.semiFinalSecondTest.AppTest" name="dynamicDropdown" time="0.236"/>
  <testcase classname="semiFinalSecondTest.semiFinalSecondTest.AppTest" name="staticDropDown" time="0.263"/>
  <testcase classname="semiFinalSecondTest.semiFinalSecondTest.AppTest" name="checkBox" time="0.219"/>
  <testcase classname="semiFinalSecondTest.semiFinalSecondTest.AppTest" name="switchWindow" time="3.097"/>
  <testcase classname="semiFinalSecondTest.semiFinalSecondTest.AppTest" name="facebookButton" time="0.306"/>
  <testcase classname="semiFinalSecondTest.semiFinalSecondTest.AppTest" name="newTab" time="0.533"/>
  <testcase classname="semiFinalSecondTest.semiFinalSecondTest.AppTest" name="alert" time="1.000"/>
  <testcase classname="semiFinalSecondTest.semiFinalSecondTest.AppTest" name="theTable" time="0.395"/>
  <testcase classname="semiFinalSecondTest.semiFinalSecondTest.AppTest" name="hideShowTest" time="0.445"/>
  <testcase classname="semiFinalSecondTest.semiFinalSecondTest.AppTest" name="enableDisableTest" time="0.438"/>
  <testcase classname="semiFinalSecondTest.semiFinalSecondTest.AppTest" name="mouseHoverTest" time="5.919"/>
  <testcase classname="semiFinalSecondTest.semiFinalSecondTest.AppTest" name="bookingCalendar" time="0.429"/>
  <testcase classname="semiFinalSecondTest.semiFinalSecondTest.AppTest" name="iFrameTest" time="2.284"/>
</testsuite> <!-- semiFinalSecondTest.semiFinalSecondTest.AppTest -->
